app/build/intermediates/manifest_merge_blame_file/debug/manifest-merger-blame-debug-report.txt
1<?xml version="1.0" encoding="utf-8"?>
2<manifest xmlns:android="http://schemas.android.com/apk/res/android"
3    package="com.example.mystorage"
4    android:versionCode="1"
5    android:versionName="1.0" >
6
7    <uses-sdk
8        android:minSdkVersion="21"
8-->src/main/AndroidManifest.xml
9        android:targetSdkVersion="28" />
9-->src/main/AndroidManifest.xml
10
11    <uses-permission android:name="android.permission.INTERNET" />
11-->src/main/AndroidManifest.xml:5:5-66
11-->src/main/AndroidManifest.xml:5:22-64
12    <uses-permission android:name="android.permission.ACCESS_WIFI_STATE" />
12-->src/main/AndroidManifest.xml:6:5-75
12-->src/main/AndroidManifest.xml:6:22-73
13    <uses-permission android:name="android.permission.ACCESS_NETWORK_STATE" />
13-->src/main/AndroidManifest.xml:7:5-79
13-->src/main/AndroidManifest.xml:7:22-76
14    <uses-permission android:name="android.permission.READ_EXTERNAL_STORAGE" />
14-->src/main/AndroidManifest.xml:8:5-79
14-->src/main/AndroidManifest.xml:8:22-77
15    <uses-permission android:name="android.permission.CAMERA" />
15-->src/main/AndroidManifest.xml:9:5-65
15-->src/main/AndroidManifest.xml:9:22-62
16    <uses-permission android:name="android.permission.WRITE_EXTERNAL_STORAGE" />
16-->src/main/AndroidManifest.xml:10:5-81
16-->src/main/AndroidManifest.xml:10:22-78
17    <uses-permission android:name="android.permission.ACCESS_BACKGROUND_SERVICE" />
17-->src/main/AndroidManifest.xml:11:5-84
17-->src/main/AndroidManifest.xml:11:22-81
18    <uses-permission android:name="android.hardware.camera2.full" />
18-->src/main/AndroidManifest.xml:12:5-69
18-->src/main/AndroidManifest.xml:12:22-66
19
20    <uses-feature android:name="android.hardware.camera2.full" />
20-->src/main/AndroidManifest.xml:13:5-66
20-->src/main/AndroidManifest.xml:13:19-63
21
22    <application
22-->src/main/AndroidManifest.xml:15:5-37:19
23        android:allowBackup="true"
23-->src/main/AndroidManifest.xml:16:9-35
24        android:appComponentFactory="androidx.core.app.CoreComponentFactory"
24-->[androidx.core:core:1.0.1] AndroidManifest.xml:22:18-86
25        android:debuggable="true"
26        android:icon="@mipmap/ic_launcher"
26-->src/main/AndroidManifest.xml:17:9-43
27        android:label="@string/app_name"
27-->src/main/AndroidManifest.xml:18:9-41
28        android:roundIcon="@mipmap/ic_launcher_round"
28-->src/main/AndroidManifest.xml:19:9-54
29        android:supportsRtl="true"
29-->src/main/AndroidManifest.xml:20:9-35
30        android:theme="@style/AppTheme" >
30-->src/main/AndroidManifest.xml:21:9-40
31        <activity android:name="com.example.mystorage.MainActivity" >
31-->src/main/AndroidManifest.xml:22:9-28:20
31-->src/main/AndroidManifest.xml:22:19-47
32            <intent-filter>
32-->src/main/AndroidManifest.xml:23:13-27:29
33                <action android:name="android.intent.action.MAIN" />
33-->src/main/AndroidManifest.xml:24:17-69
33-->src/main/AndroidManifest.xml:24:25-66
34
35                <category android:name="android.intent.category.LAUNCHER" />
35-->src/main/AndroidManifest.xml:26:17-77
35-->src/main/AndroidManifest.xml:26:27-74
36            </intent-filter>
37        </activity>
38        <activity
38-->src/main/AndroidManifest.xml:29:9-35:20
39            android:name="com.example.mystorage.ImagePickerActivity"
39-->src/main/AndroidManifest.xml:29:19-54
40            android:parentActivityName="com.example.mystorage.MainActivity" >
40-->src/main/AndroidManifest.xml:30:13-55
41
42            <!-- The meta-data tag is required if you support API level 15 and lower -->
43            <meta-data
43-->src/main/AndroidManifest.xml:32:13-34:49
44                android:name="android.support.PARENT_ACTIVITY"
44-->src/main/AndroidManifest.xml:33:17-63
45                android:value=".MainActivity" />
45-->src/main/AndroidManifest.xml:34:17-46
46        </activity>
47
48        <provider
48-->[androidx.lifecycle:lifecycle-process:2.0.0] AndroidManifest.xml:23:9-27:43
49            android:name="androidx.lifecycle.ProcessLifecycleOwnerInitializer"
49-->[androidx.lifecycle:lifecycle-process:2.0.0] AndroidManifest.xml:24:13-79
50            android:authorities="com.example.mystorage.lifecycle-process"
50-->[androidx.lifecycle:lifecycle-process:2.0.0] AndroidManifest.xml:25:13-69
51            android:exported="false"
51-->[androidx.lifecycle:lifecycle-process:2.0.0] AndroidManifest.xml:26:13-37
52            android:multiprocess="true" />
52-->[androidx.lifecycle:lifecycle-process:2.0.0] AndroidManifest.xml:27:13-40
53    </application>
54
55</manifest>